<?xml version="1.0" encoding="UTF-8"?>
<testsuite xmlns:xsi="http://www.w3.org/2001/XMLSchema-instance" xsi:noNamespaceSchemaLocation="https://maven.apache.org/surefire/maven-surefire-plugin/xsd/surefire-test-report-3.0.xsd" version="3.0" name="TestSuite" time="92.103" tests="3" errors="0" skipped="0" failures="0">
  <properties>
[...]
</properties>
  <testcase name="runScenario[&quot;Verify user can book a Full Body Checkup package&quot;, &quot;Book a Health Checkup Package&quot;](1)" classname="com.orangehealth.runners.TestRunner" time="23.874">
    <system-out><![CDATA[
@HealthCheckup @Smoke @Regression
Scenario: Verify user can book a Full Body Checkup package                   # src/test/resources/features/HealthCheckup.feature:10
  Given the user launches the Orange Health application                      # com.orangehealth.stepdefinitions.HomePageSteps.theUserLaunchesTheOrangeHealthApplication()
  When the user clicks the Checkups navigation menu                          # com.orangehealth.stepdefinitions.HealthCheckupSteps.theUserClicksTheCheckupsNavigationMenu()
  Then the Health Checkups page should be displayed                          # com.orangehealth.stepdefinitions.HealthCheckupSteps.theHealthCheckupsPageShouldBeDisplayed()
  When the user scrolls to the Full Body Checkups section                    # com.orangehealth.stepdefinitions.HealthCheckupSteps.theUserScrollsToTheFullBodyCheckupsSection()
  And the user clicks the View Details button of the first Full Body Checkup # com.orangehealth.stepdefinitions.HealthCheckupSteps.theUserClicksTheViewDetailsButtonOfTheFirstFullBodyCheckup()
  Then the Full Body Checkup Basic page should be displayed                  # com.orangehealth.stepdefinitions.HealthCheckupSteps.theFullBodyCheckupBasicPageShouldBeDisplayed()
  When the user double-clicks the Add to Cart button                         # com.orangehealth.stepdefinitions.HealthCheckupSteps.theUserDoubleClicksTheAddToCartButton()
  Then the Cart Drawer should be displayed                                   # com.orangehealth.stepdefinitions.HealthCheckupSteps.theCartDrawerShouldBeDisplayed()
  And the selected Full Body Checkup should be displayed in the cart         # com.orangehealth.stepdefinitions.HealthCheckupSteps.theSelectedFullBodyCheckupShouldBeDisplayedInTheCart()
  When the user clicks the Proceed button                                    # com.orangehealth.stepdefinitions.HomePageSteps.theUserClicksTheProceedButton()
  Then the Sign in to Continue page should be displayed                      # com.orangehealth.stepdefinitions.HealthCheckupSteps.theSignInToContinuePageShouldBeDisplayed()
]]></system-out>
    <system-err><![CDATA[Aug 07, 2026 12:21:36 PM org.openqa.selenium.devtools.CdpVersionFinder findNearestMatch
WARNING: Unable to find CDP implementation matching 150
Aug 07, 2026 12:21:36 PM org.openqa.selenium.chromium.ChromiumDriver lambda$new$4
WARNING: Unable to find version of CDP to use for 150.0.7871.187. You may need to include a dependency on a specific version of the CDP using something similar to `org.seleniumhq.selenium:selenium-devtools-v86:4.28.0` where the version ("v86") matches the version of the chromium-based browser you're using and the version number of the artifact is the same as Selenium's.
]]></system-err>
  </testcase>
  <testcase name="runScenario[&quot;Verify user can search and proceed with a diagnostic test&quot;, &quot;Search and Book Diagnostic Test from Home Page&quot;](2)" classname="com.orangehealth.runners.TestRunner" time="45.681">
    <system-out><![CDATA[
@HomePage @Smoke @Regression @Smoke @Search @Booking
Scenario: Verify user can search and proceed with a diagnostic test # src/test/resources/features/HomePage.feature:19
  Given the user launches the Orange Health application             # com.orangehealth.stepdefinitions.HomePageSteps.theUserLaunchesTheOrangeHealthApplication()
  Then the Orange Health Home Page should be displayed              # com.orangehealth.stepdefinitions.HomePageSteps.theOrangeHealthHomePageShouldBeDisplayed()
  When the user clicks the "My Location" menu                       # com.orangehealth.stepdefinitions.HomePageSteps.theUserClicksTheMenu(java.lang.String)
  Then the Location Selection dialog should be displayed            # com.orangehealth.stepdefinitions.HomePageSteps.theLocationSelectionDialogShouldBeDisplayed()
2026-08-07T06:51:59.573886400Z main ERROR Log4j API could not find a logging provider.
  When the user selects the city from Excel                         # com.orangehealth.stepdefinitions.HomePageSteps.theUserSelectsTheCityFromExcel()
  Then the selected city should be displayed on the Home Page       # com.orangehealth.stepdefinitions.HomePageSteps.theSelectedCityShouldBeDisplayedOnTheHomePage()
  When the user clicks the Search Bar                               # com.orangehealth.stepdefinitions.HomePageSteps.theUserClicksTheSearchBar()
  Then the Search Overlay should be displayed                       # com.orangehealth.stepdefinitions.HomePageSteps.theSearchOverlayShouldBeDisplayed()
  And the following segmented controls should be available          # com.orangehealth.stepdefinitions.HomePageSteps.theFollowingSegmentedControlsShouldBeAvailable(io.cucumber.datatable.DataTable)
    | All      |
    | Tests    |
    | Checkups |
  When the user navigates through all segmented controls            # com.orangehealth.stepdefinitions.HomePageSteps.theUserNavigatesThroughAllSegmentedControls()
  Then each segmented control should be clickable                   # com.orangehealth.stepdefinitions.HomePageSteps.eachSegmentedControlShouldBeClickable()
  When the user selects the "All" segmented control                 # com.orangehealth.stepdefinitions.HomePageSteps.theUserSelectsTheSegmentedControl(java.lang.String)
  And the user clicks the Search Input Field                        # com.orangehealth.stepdefinitions.HomePageSteps.theUserClicksTheSearchInputField()
  And the user searches for the diagnostic test from Excel          # com.orangehealth.stepdefinitions.HomePageSteps.theUserSearchesForTheDiagnosticTestFromExcel()
  Then the relevant search results should be displayed              # com.orangehealth.stepdefinitions.HomePageSteps.theRelevantSearchResultsShouldBeDisplayed()
  When the user adds the first search result to the cart            # com.orangehealth.stepdefinitions.HomePageSteps.theUserAddsTheFirstSearchResultToTheCart()
  Then the cart badge count should increase                         # com.orangehealth.stepdefinitions.HomePageSteps.theCartBadgeCountShouldIncrease()
  When the user clicks the Proceed button                           # com.orangehealth.stepdefinitions.HomePageSteps.theUserClicksTheProceedButton()
  Then the Login page should be displayed                           # com.orangehealth.stepdefinitions.HomePageSteps.theLoginPageShouldBeDisplayed()
]]></system-out>
    <system-err><![CDATA[Aug 07, 2026 12:21:54 PM org.openqa.selenium.devtools.CdpVersionFinder findNearestMatch
WARNING: Unable to find CDP implementation matching 150
Aug 07, 2026 12:21:54 PM org.openqa.selenium.chromium.ChromiumDriver lambda$new$4
WARNING: Unable to find version of CDP to use for 150.0.7871.187. You may need to include a dependency on a specific version of the CDP using something similar to `org.seleniumhq.selenium:selenium-devtools-v86:4.28.0` where the version ("v86") matches the version of the chromium-based browser you're using and the version number of the artifact is the same as Selenium's.
ERROR POIXMLDocumentPart Skipped invalid entry /xl/theme/theme1.xml
]]></system-err>
  </testcase>
  <testcase name="runScenario[&quot;Verify user can book a Lab Test package&quot;, &quot;Book a Lab Test Package&quot;](3)" classname="com.orangehealth.runners.TestRunner" time="18.487">
    <system-out><![CDATA[
@Tests @Smoke @Regression
Scenario: Verify user can book a Lab Test package               # src/test/resources/features/Tests.feature:10
  Given the user launches the Orange Health application         # com.orangehealth.stepdefinitions.HomePageSteps.theUserLaunchesTheOrangeHealthApplication()
  When the user clicks the Tests navigation menu                # com.orangehealth.stepdefinitions.TestsSteps.theUserClicksTheTestsNavigationMenu()
  Then the Tests page should be displayed                       # com.orangehealth.stepdefinitions.TestsSteps.theTestsPageShouldBeDisplayed()
  When the user scrolls to the Tests section                    # com.orangehealth.stepdefinitions.TestsSteps.theUserScrollsToTheTestsSection()
  And the user clicks the View Details button of the first Test # com.orangehealth.stepdefinitions.TestsSteps.theUserClicksTheViewDetailsButtonOfTheFirstTest()
  Then the Tests detail page should be displayed                # com.orangehealth.stepdefinitions.TestsSteps.theTestsDetailPageShouldBeDisplayed()
  When the user double-clicks the Add to Cart button            # com.orangehealth.stepdefinitions.HealthCheckupSteps.theUserDoubleClicksTheAddToCartButton()
  Then the Cart Drawer should be displayed                      # com.orangehealth.stepdefinitions.HealthCheckupSteps.theCartDrawerShouldBeDisplayed()
  And the selected Test should be displayed in the cart         # com.orangehealth.stepdefinitions.TestsSteps.theSelectedTestShouldBeDisplayedInTheCart()
  When the user clicks the Proceed button                       # com.orangehealth.stepdefinitions.HomePageSteps.theUserClicksTheProceedButton()
  Then the Sign in to Continue page should be displayed         # com.orangehealth.stepdefinitions.HealthCheckupSteps.theSignInToContinuePageShouldBeDisplayed()
]]></system-out>
    <system-err><![CDATA[Aug 07, 2026 12:22:39 PM org.openqa.selenium.devtools.CdpVersionFinder findNearestMatch
WARNING: Unable to find CDP implementation matching 150
Aug 07, 2026 12:22:39 PM org.openqa.selenium.chromium.ChromiumDriver lambda$new$4
WARNING: Unable to find version of CDP to use for 150.0.7871.187. You may need to include a dependency on a specific version of the CDP using something similar to `org.seleniumhq.selenium:selenium-devtools-v86:4.28.0` where the version ("v86") matches the version of the chromium-based browser you're using and the version number of the artifact is the same as Selenium's.
]]></system-err>
  </testcase>
</testsuite>