<?xml version="1.0" encoding="UTF-8"?>
<!-- Generated by org.testng.reporters.JUnitReportReporter -->
<testsuite hostname="DESKTOP-0U7F0KC" failures="0" tests="3" name="com.orangehealth.runners.TestRunner" time="88.043" errors="0" timestamp="2026-08-07T12:22:58 IST" skipped="0">
  <testcase classname="com.orangehealth.runners.TestRunner" name="runScenario" time="18.488"/>
  <testcase classname="com.orangehealth.runners.TestRunner" name="runScenario" time="23.868"/>
  <testcase classname="com.orangehealth.runners.TestRunner" name="runScenario" time="45.687"/>
</testsuite> <!-- com.orangehealth.runners.TestRunner -->
